<?xml version="1.0" encoding="UTF-8"?>
<testsuite name="at.tugraz.ist.qs2022.MessageBoardProperties" tests="0" skipped="0" failures="0" errors="0" timestamp="1970-01-01T00:00:00" hostname="MICHAELSPC" time="0.0">
  <properties/>
  <system-out><![CDATA[Running property: MessageBoardProperties.message length: Publish + Ack [R1]Running property: MessageBoardProperties.example property with generators]]></system-out>
  <system-err><![CDATA[]]></system-err>
</testsuite>
